2026-01-21 21:32:44.563117 [ INFO ] Tower with sled class intialized
2026-01-21 21:32:44.565101 [ INFO ] Hand controller pins and callbacks configured
2026-01-21 21:32:44.565605 [ INFO ] Zero button pin and callback configured
2026-01-21 21:32:44.565948 [ INFO ] LED pin configured
2026-01-21 21:32:44.566200 [ INFO ] All peripherals connected
2026-01-21 21:32:44.566546 [ INFO ] AF160 class initialized
2026-01-21 21:32:44.586067 [ INFO ] Left motor servo mode: 1.0
2026-01-21 21:32:44.601959 [ INFO ] Right motor servo mode: 1.0
2026-01-21 21:32:44.617993 [ INFO ] Left motor control input selection: 1.0
2026-01-21 21:32:44.633972 [ INFO ] Right motor control input selection: 0.0
2026-01-21 21:32:44.649959 [ INFO ] Left motor servo update rate: 20.0
2026-01-21 21:32:44.665951 [ INFO ] Right motor servo update rate: 20.0
2026-01-21 21:32:44.681948 [ INFO ] Left motor power slew rate: 1.0
2026-01-21 21:32:44.697968 [ INFO ] Right motor power slew rate: 1.0
2026-01-21 21:32:44.713996 [ INFO ] Left motor minimum drive value: 0.0
2026-01-21 21:32:44.729943 [ INFO ] Right motor minimum drive value: 0.0
2026-01-21 21:32:44.745958 [ INFO ] Left motor proportional gain value: 0.0
2026-01-21 21:32:44.761955 [ INFO ] Right motor proportional gain value: 0.0
2026-01-21 21:32:44.777996 [ INFO ] Left motor integral gain value: 0.0
2026-01-21 21:32:44.793939 [ INFO ] Right motor integral gain value: 0.0
2026-01-21 21:32:44.809958 [ INFO ] Left motor derivative gain value: 0.0
2026-01-21 21:32:44.825968 [ INFO ] Right motor derivative gain value: 0.0
2026-01-21 21:32:44.842018 [ INFO ] Left motor input factor: 8.0
2026-01-21 21:32:44.857949 [ INFO ] Right motor input factor: 8.0
2026-01-21 21:32:44.873995 [ INFO ] Left motor brake value: 32.0
2026-01-21 21:32:44.890008 [ INFO ] Right motor brake value: 32.0
2026-01-21 21:32:44.905999 [ INFO ] Left motor back-EMF value: 0.0
2026-01-21 21:32:44.921959 [ INFO ] Right motor back-EMF value: 0.0
2026-01-21 21:32:44.938016 [ INFO ] Left motor torque limit: 250.0
2026-01-21 21:32:44.954030 [ INFO ] Right motor torque limit: 250.0
2026-01-21 21:32:44.954209 [ INFO ] AF160 driver connected via UART serial
2026-01-21 21:32:44.954447 [ INFO ] E5 encoder via Pico USB class initialized
2026-01-21 21:32:45.456008 [ INFO ] USB encoder connected on /dev/ttyACM0 at 1769056365.456
2026-01-21 21:32:45.597393 [ INFO ] Beginning loop
2026-01-21 21:32:45.809161 [ INFO ] Holding tower position
2026-01-21 21:32:45.831686 [ DEBUG ] Throttle input (unsmoothed): 0
2026-01-21 21:32:45.831903 [ DEBUG ] Throttle input (smoothed): 0
2026-01-21 21:32:45.832039 [ DEBUG ] Throttle high time: 1504
2026-01-21 21:32:45.832158 [ DEBUG ] Steering input (unsmoothed): 0
2026-01-21 21:32:45.832279 [ DEBUG ] Steering input (smoothed): 0.0
2026-01-21 21:32:45.832400 [ DEBUG ] Steering high time: 1512
2026-01-21 21:32:45.832519 [ DEBUG ] Pedals connected: False
2026-01-21 21:32:45.832641 [ DEBUG ] Steering direction: 1
2026-01-21 21:32:45.832767 [ DEBUG ] Max tower speed: 0.5032
2026-01-21 21:32:45.832886 [ DEBUG ] Max sled speed: -0.0024
2026-01-21 21:32:45.833011 [ DEBUG ] Throttle motor speed: 0
2026-01-21 21:32:45.833128 [ DEBUG ] Throttle motor direction: 1
2026-01-21 21:32:45.833246 [ DEBUG ] Throttle motor command: b'@0st0\r'
2026-01-21 21:32:45.833361 [ DEBUG ] Steering motor speed: 0
2026-01-21 21:32:45.833475 [ DEBUG ] Steering motor direction: 1
2026-01-21 21:32:45.833591 [ DEBUG ] Steering motor command: b'@1st0\r'
2026-01-21 21:32:45.833716 [ DEBUG ] Encoder position: 56
2026-01-21 21:32:45.833866 [ DEBUG ] Encoder rate: 16.301232819330952
2026-01-21 21:32:45.834021 [ DEBUG ] Encoder trust state: True
2026-01-21 21:32:46.045930 [ INFO ] Holding tower position
2026-01-21 21:32:46.069198 [ DEBUG ] Throttle input (unsmoothed): 0
2026-01-21 21:32:46.069402 [ DEBUG ] Throttle input (smoothed): 0
2026-01-21 21:32:46.069539 [ DEBUG ] Throttle high time: 1504
2026-01-21 21:32:46.069659 [ DEBUG ] Steering input (unsmoothed): 0
2026-01-21 21:32:46.069782 [ DEBUG ] Steering input (smoothed): 0.0
2026-01-21 21:32:46.069906 [ DEBUG ] Steering high time: 1512
2026-01-21 21:32:46.070090 [ DEBUG ] Pedals connected: False
2026-01-21 21:32:46.070297 [ DEBUG ] Steering direction: 1
2026-01-21 21:32:46.070431 [ DEBUG ] Max tower speed: 0.5032
2026-01-21 21:32:46.070557 [ DEBUG ] Max sled speed: -0.0024
2026-01-21 21:32:46.070679 [ DEBUG ] Throttle motor speed: 0
2026-01-21 21:32:46.070795 [ DEBUG ] Throttle motor direction: 1
2026-01-21 21:32:46.070913 [ DEBUG ] Throttle motor command: b'@0st0\r'
2026-01-21 21:32:46.071030 [ DEBUG ] Steering motor speed: 0
2026-01-21 21:32:46.071157 [ DEBUG ] Steering motor direction: 1
2026-01-21 21:32:46.071292 [ DEBUG ] Steering motor command: b'@1st0\r'
2026-01-21 21:32:46.071426 [ DEBUG ] Encoder position: 56
2026-01-21 21:32:46.071564 [ DEBUG ] Encoder rate: 0.0
2026-01-21 21:32:46.071698 [ DEBUG ] Encoder trust state: True
2026-01-21 21:32:46.283696 [ INFO ] Holding tower position
2026-01-21 21:32:46.306732 [ DEBUG ] Throttle input (unsmoothed): 0
2026-01-21 21:32:46.306938 [ DEBUG ] Throttle input (smoothed): 0
2026-01-21 21:32:46.307074 [ DEBUG ] Throttle high time: 1504
2026-01-21 21:32:46.307191 [ DEBUG ] Steering input (unsmoothed): 0
2026-01-21 21:32:46.307312 [ DEBUG ] Steering input (smoothed): 0.0
2026-01-21 21:32:46.307432 [ DEBUG ] Steering high time: 1512
2026-01-21 21:32:46.307550 [ DEBUG ] Pedals connected: False
2026-01-21 21:32:46.307665 [ DEBUG ] Steering direction: 1
2026-01-21 21:32:46.307787 [ DEBUG ] Max tower speed: 0.5032
2026-01-21 21:32:46.307905 [ DEBUG ] Max sled speed: -0.0024
2026-01-21 21:32:46.308022 [ DEBUG ] Throttle motor speed: 0
2026-01-21 21:32:46.308134 [ DEBUG ] Throttle motor direction: 1
2026-01-21 21:32:46.308249 [ DEBUG ] Throttle motor command: b'@0st0\r'
2026-01-21 21:32:46.308364 [ DEBUG ] Steering motor speed: 0
2026-01-21 21:32:46.308478 [ DEBUG ] Steering motor direction: 1
2026-01-21 21:32:46.308593 [ DEBUG ] Steering motor command: b'@1st0\r'
2026-01-21 21:32:46.308710 [ DEBUG ] Encoder position: 56
2026-01-21 21:32:46.308830 [ DEBUG ] Encoder rate: 0.0
2026-01-21 21:32:46.308947 [ DEBUG ] Encoder trust state: True
2026-01-21 21:32:46.520846 [ INFO ] Holding tower position
2026-01-21 21:32:46.544266 [ DEBUG ] Throttle input (unsmoothed): 0
2026-01-21 21:32:46.544473 [ DEBUG ] Throttle input (smoothed): 0
2026-01-21 21:32:46.544607 [ DEBUG ] Throttle high time: 1504
2026-01-21 21:32:46.544727 [ DEBUG ] Steering input (unsmoothed): 0
2026-01-21 21:32:46.544848 [ DEBUG ] Steering input (smoothed): 0.0
2026-01-21 21:32:46.544974 [ DEBUG ] Steering high time: 1512
2026-01-21 21:32:46.545157 [ DEBUG ] Pedals connected: False
2026-01-21 21:32:46.545280 [ DEBUG ] Steering direction: 1
2026-01-21 21:32:46.545406 [ DEBUG ] Max tower speed: 0.5032
2026-01-21 21:32:46.545527 [ DEBUG ] Max sled speed: -0.0024
2026-01-21 21:32:46.545645 [ DEBUG ] Throttle motor speed: 0
2026-01-21 21:32:46.545758 [ DEBUG ] Throttle motor direction: 1
2026-01-21 21:32:46.545875 [ DEBUG ] Throttle motor command: b'@0st0\r'
2026-01-21 21:32:46.546014 [ DEBUG ] Steering motor speed: 0
2026-01-21 21:32:46.546199 [ DEBUG ] Steering motor direction: 1
2026-01-21 21:32:46.546321 [ DEBUG ] Steering motor command: b'@1st0\r'
2026-01-21 21:32:46.546440 [ DEBUG ] Encoder position: 56
2026-01-21 21:32:46.546561 [ DEBUG ] Encoder rate: 0.0
2026-01-21 21:32:46.546677 [ DEBUG ] Encoder trust state: True
2026-01-21 21:32:46.758529 [ INFO ] Holding tower position
2026-01-21 21:32:46.781804 [ DEBUG ] Throttle input (unsmoothed): 0
2026-01-21 21:32:46.782060 [ DEBUG ] Throttle input (smoothed): 0
2026-01-21 21:32:46.782201 [ DEBUG ] Throttle high time: 1504
2026-01-21 21:32:46.782319 [ DEBUG ] Steering input (unsmoothed): 0
2026-01-21 21:32:46.782440 [ DEBUG ] Steering input (smoothed): 0.0
2026-01-21 21:32:46.782560 [ DEBUG ] Steering high time: 1512
2026-01-21 21:32:46.782676 [ DEBUG ] Pedals connected: False
2026-01-21 21:32:46.782790 [ DEBUG ] Steering direction: 1
2026-01-21 21:32:46.782913 [ DEBUG ] Max tower speed: 0.5032
2026-01-21 21:32:46.783031 [ DEBUG ] Max sled speed: -0.0024
2026-01-21 21:32:46.783149 [ DEBUG ] Throttle motor speed: 0
2026-01-21 21:32:46.783295 [ DEBUG ] Throttle motor direction: 1
2026-01-21 21:32:46.783417 [ DEBUG ] Throttle motor command: b'@0st0\r'
2026-01-21 21:32:46.783534 [ DEBUG ] Steering motor speed: 0
2026-01-21 21:32:46.783647 [ DEBUG ] Steering motor direction: 1
2026-01-21 21:32:46.783763 [ DEBUG ] Steering motor command: b'@1st0\r'
2026-01-21 21:32:46.783882 [ DEBUG ] Encoder position: 56
2026-01-21 21:32:46.784003 [ DEBUG ] Encoder rate: 0.0
2026-01-21 21:32:46.784129 [ DEBUG ] Encoder trust state: True
2026-01-21 21:32:46.996184 [ INFO ] Holding tower position
2026-01-21 21:32:47.019334 [ DEBUG ] Throttle input (unsmoothed): 0
2026-01-21 21:32:47.019587 [ DEBUG ] Throttle input (smoothed): 0
2026-01-21 21:32:47.019742 [ DEBUG ] Throttle high time: 1504
2026-01-21 21:32:47.019862 [ DEBUG ] Steering input (unsmoothed): 0
2026-01-21 21:32:47.019985 [ DEBUG ] Steering input (smoothed): 0.0
2026-01-21 21:32:47.020108 [ DEBUG ] Steering high time: 1512
2026-01-21 21:32:47.020228 [ DEBUG ] Pedals connected: False
2026-01-21 21:32:47.020346 [ DEBUG ] Steering direction: 1
2026-01-21 21:32:47.020473 [ DEBUG ] Max tower speed: 0.5032
2026-01-21 21:32:47.020593 [ DEBUG ] Max sled speed: -0.0024
2026-01-21 21:32:47.020712 [ DEBUG ] Throttle motor speed: 0
2026-01-21 21:32:47.020825 [ DEBUG ] Throttle motor direction: 1
2026-01-21 21:32:47.020943 [ DEBUG ] Throttle motor command: b'@0st0\r'
2026-01-21 21:32:47.021058 [ DEBUG ] Steering motor speed: 0
2026-01-21 21:32:47.021170 [ DEBUG ] Steering motor direction: 1
2026-01-21 21:32:47.021284 [ DEBUG ] Steering motor command: b'@1st0\r'
2026-01-21 21:32:47.021402 [ DEBUG ] Encoder position: 56
2026-01-21 21:32:47.021523 [ DEBUG ] Encoder rate: 0.0
2026-01-21 21:32:47.021638 [ DEBUG ] Encoder trust state: True
2026-01-21 21:32:47.233601 [ INFO ] Holding tower position
2026-01-21 21:32:47.256867 [ DEBUG ] Throttle input (unsmoothed): 0
2026-01-21 21:32:47.257076 [ DEBUG ] Throttle input (smoothed): 0
2026-01-21 21:32:47.257209 [ DEBUG ] Throttle high time: 1504
2026-01-21 21:32:47.257326 [ DEBUG ] Steering input (unsmoothed): 0
2026-01-21 21:32:47.257447 [ DEBUG ] Steering input (smoothed): 0.0
2026-01-21 21:32:47.257570 [ DEBUG ] Steering high time: 1512
2026-01-21 21:32:47.257687 [ DEBUG ] Pedals connected: False
2026-01-21 21:32:47.257801 [ DEBUG ] Steering direction: 1
2026-01-21 21:32:47.257923 [ DEBUG ] Max tower speed: 0.5032
2026-01-21 21:32:47.258076 [ DEBUG ] Max sled speed: -0.0024
2026-01-21 21:32:47.258198 [ DEBUG ] Throttle motor speed: 0
2026-01-21 21:32:47.258313 [ DEBUG ] Throttle motor direction: 1
2026-01-21 21:32:47.258429 [ DEBUG ] Throttle motor command: b'@0st0\r'
2026-01-21 21:32:47.258545 [ DEBUG ] Steering motor speed: 0
2026-01-21 21:32:47.258683 [ DEBUG ] Steering motor direction: 1
2026-01-21 21:32:47.258814 [ DEBUG ] Steering motor command: b'@1st0\r'
2026-01-21 21:32:47.258945 [ DEBUG ] Encoder position: 56
2026-01-21 21:32:47.259080 [ DEBUG ] Encoder rate: 0.0
2026-01-21 21:32:47.259211 [ DEBUG ] Encoder trust state: True
2026-01-21 21:32:47.471200 [ INFO ] Holding tower position
2026-01-21 21:32:47.494404 [ DEBUG ] Throttle input (unsmoothed): 0
2026-01-21 21:32:47.494623 [ DEBUG ] Throttle input (smoothed): 0
2026-01-21 21:32:47.494759 [ DEBUG ] Throttle high time: 1504
2026-01-21 21:32:47.494879 [ DEBUG ] Steering input (unsmoothed): 0
2026-01-21 21:32:47.495002 [ DEBUG ] Steering input (smoothed): 0.0
2026-01-21 21:32:47.495125 [ DEBUG ] Steering high time: 1512
2026-01-21 21:32:47.495244 [ DEBUG ] Pedals connected: False
2026-01-21 21:32:47.495361 [ DEBUG ] Steering direction: 1
2026-01-21 21:32:47.495485 [ DEBUG ] Max tower speed: 0.5032
2026-01-21 21:32:47.495602 [ DEBUG ] Max sled speed: -0.0024
2026-01-21 21:32:47.495721 [ DEBUG ] Throttle motor speed: 0
2026-01-21 21:32:47.495835 [ DEBUG ] Throttle motor direction: 1
2026-01-21 21:32:47.495953 [ DEBUG ] Throttle motor command: b'@0st0\r'
2026-01-21 21:32:47.496068 [ DEBUG ] Steering motor speed: 0
2026-01-21 21:32:47.496181 [ DEBUG ] Steering motor direction: 1
2026-01-21 21:32:47.496294 [ DEBUG ] Steering motor command: b'@1st0\r'
2026-01-21 21:32:47.496441 [ DEBUG ] Encoder position: 56
2026-01-21 21:32:47.496566 [ DEBUG ] Encoder rate: 0.0
2026-01-21 21:32:47.496683 [ DEBUG ] Encoder trust state: True
2026-01-21 21:32:47.708521 [ INFO ] Holding tower position
2026-01-21 21:32:47.732183 [ DEBUG ] Throttle input (unsmoothed): 0
2026-01-21 21:32:47.732390 [ DEBUG ] Throttle input (smoothed): 0
2026-01-21 21:32:47.732522 [ DEBUG ] Throttle high time: 1504
2026-01-21 21:32:47.732640 [ DEBUG ] Steering input (unsmoothed): 0
2026-01-21 21:32:47.732761 [ DEBUG ] Steering input (smoothed): 0.0
2026-01-21 21:32:47.732879 [ DEBUG ] Steering high time: 1512
2026-01-21 21:32:47.732995 [ DEBUG ] Pedals connected: False
2026-01-21 21:32:47.733112 [ DEBUG ] Steering direction: 1
2026-01-21 21:32:47.733254 [ DEBUG ] Max tower speed: 0.5
2026-01-21 21:32:47.733395 [ DEBUG ] Max sled speed: -0.0024
2026-01-21 21:32:47.733529 [ DEBUG ] Throttle motor speed: 0
2026-01-21 21:32:47.733656 [ DEBUG ] Throttle motor direction: 1
2026-01-21 21:32:47.733785 [ DEBUG ] Throttle motor command: b'@0st0\r'
2026-01-21 21:32:47.733912 [ DEBUG ] Steering motor speed: 0
2026-01-21 21:32:47.734115 [ DEBUG ] Steering motor direction: 1
2026-01-21 21:32:47.734250 [ DEBUG ] Steering motor command: b'@1st0\r'
2026-01-21 21:32:47.734369 [ DEBUG ] Encoder position: 56
2026-01-21 21:32:47.734486 [ DEBUG ] Encoder rate: 0.0
2026-01-21 21:32:47.734601 [ DEBUG ] Encoder trust state: True
2026-01-21 21:32:47.946417 [ INFO ] Holding tower position
2026-01-21 21:32:47.969965 [ DEBUG ] Throttle input (unsmoothed): 0
2026-01-21 21:32:47.970187 [ DEBUG ] Throttle input (smoothed): 0
2026-01-21 21:32:47.970322 [ DEBUG ] Throttle high time: 1504
2026-01-21 21:32:47.970442 [ DEBUG ] Steering input (unsmoothed): 0
2026-01-21 21:32:47.970563 [ DEBUG ] Steering input (smoothed): 0.0
2026-01-21 21:32:47.970683 [ DEBUG ] Steering high time: 1512
2026-01-21 21:32:47.970800 [ DEBUG ] Pedals connected: False
2026-01-21 21:32:47.970915 [ DEBUG ] Steering direction: 1
2026-01-21 21:32:47.971037 [ DEBUG ] Max tower speed: 0.5
2026-01-21 21:32:47.971156 [ DEBUG ] Max sled speed: -0.0024
2026-01-21 21:32:47.971272 [ DEBUG ] Throttle motor speed: 0
2026-01-21 21:32:47.971388 [ DEBUG ] Throttle motor direction: 1
2026-01-21 21:32:47.971504 [ DEBUG ] Throttle motor command: b'@0st0\r'
2026-01-21 21:32:47.971618 [ DEBUG ] Steering motor speed: 0
2026-01-21 21:32:47.971730 [ DEBUG ] Steering motor direction: 1
2026-01-21 21:32:47.971842 [ DEBUG ] Steering motor command: b'@1st0\r'
2026-01-21 21:32:47.971958 [ DEBUG ] Encoder position: 56
2026-01-21 21:32:47.972073 [ DEBUG ] Encoder rate: 0.0
2026-01-21 21:32:47.972186 [ DEBUG ] Encoder trust state: True
2026-01-21 21:32:48.184071 [ INFO ] Holding tower position
2026-01-21 21:32:48.207749 [ DEBUG ] Throttle input (unsmoothed): 0
2026-01-21 21:32:48.207970 [ DEBUG ] Throttle input (smoothed): 0
2026-01-21 21:32:48.208104 [ DEBUG ] Throttle high time: 1472
2026-01-21 21:32:48.208222 [ DEBUG ] Steering input (unsmoothed): 0
2026-01-21 21:32:48.208343 [ DEBUG ] Steering input (smoothed): 0.0
2026-01-21 21:32:48.208462 [ DEBUG ] Steering high time: 1512
2026-01-21 21:32:48.208580 [ DEBUG ] Pedals connected: False
2026-01-21 21:32:48.208712 [ DEBUG ] Steering direction: 1
2026-01-21 21:32:48.208856 [ DEBUG ] Max tower speed: 0.5032
2026-01-21 21:32:48.208987 [ DEBUG ] Max sled speed: -0.0024
2026-01-21 21:32:48.209117 [ DEBUG ] Throttle motor speed: 0
2026-01-21 21:32:48.209243 [ DEBUG ] Throttle motor direction: 1
2026-01-21 21:32:48.209369 [ DEBUG ] Throttle motor command: b'@0st0\r'
2026-01-21 21:32:48.209537 [ DEBUG ] Steering motor speed: 0
2026-01-21 21:32:48.209656 [ DEBUG ] Steering motor direction: 1
2026-01-21 21:32:48.209788 [ DEBUG ] Steering motor command: b'@1st0\r'
2026-01-21 21:32:48.209921 [ DEBUG ] Encoder position: 56
2026-01-21 21:32:48.210124 [ DEBUG ] Encoder rate: 0.0
2026-01-21 21:32:48.210257 [ DEBUG ] Encoder trust state: True
2026-01-21 21:32:48.422125 [ INFO ] Holding tower position
2026-01-21 21:32:48.445282 [ DEBUG ] Throttle input (unsmoothed): 0
2026-01-21 21:32:48.445491 [ DEBUG ] Throttle input (smoothed): 0
2026-01-21 21:32:48.445626 [ DEBUG ] Throttle high time: 1236
2026-01-21 21:32:48.445744 [ DEBUG ] Steering input (unsmoothed): 0
2026-01-21 21:32:48.445864 [ DEBUG ] Steering input (smoothed): 0.0
2026-01-21 21:32:48.446006 [ DEBUG ] Steering high time: 1512
2026-01-21 21:32:48.446134 [ DEBUG ] Pedals connected: False
2026-01-21 21:32:48.446250 [ DEBUG ] Steering direction: 1
2026-01-21 21:32:48.446374 [ DEBUG ] Max tower speed: 0.5
2026-01-21 21:32:48.446492 [ DEBUG ] Max sled speed: -0.0024
2026-01-21 21:32:48.446609 [ DEBUG ] Throttle motor speed: 0
2026-01-21 21:32:48.446725 [ DEBUG ] Throttle motor direction: 1
2026-01-21 21:32:48.446866 [ DEBUG ] Throttle motor command: b'@0st0\r'
2026-01-21 21:32:48.447000 [ DEBUG ] Steering motor speed: 0
2026-01-21 21:32:48.447127 [ DEBUG ] Steering motor direction: 1
2026-01-21 21:32:48.447256 [ DEBUG ] Steering motor command: b'@1st0\r'
2026-01-21 21:32:48.447387 [ DEBUG ] Encoder position: 56
2026-01-21 21:32:48.447518 [ DEBUG ] Encoder rate: 0.0
2026-01-21 21:32:48.447645 [ DEBUG ] Encoder trust state: True
2026-01-21 21:32:48.589033 [ INFO ] Tower in lower zone, moving down
2026-01-21 21:32:48.611068 [ DEBUG ] Throttle input (unsmoothed): -0.528
2026-01-21 21:32:48.611286 [ DEBUG ] Throttle input (smoothed): -0.10560000000000001
2026-01-21 21:32:48.611423 [ DEBUG ] Throttle high time: 1240
2026-01-21 21:32:48.611545 [ DEBUG ] Steering input (unsmoothed): 0
2026-01-21 21:32:48.611664 [ DEBUG ] Steering input (smoothed): 0.0
2026-01-21 21:32:48.611783 [ DEBUG ] Steering high time: 1512
2026-01-21 21:32:48.611900 [ DEBUG ] Pedals connected: False
2026-01-21 21:32:48.612015 [ DEBUG ] Steering direction: 1
2026-01-21 21:32:48.612131 [ DEBUG ] Max tower speed: 0.5032
2026-01-21 21:32:48.612246 [ DEBUG ] Max sled speed: -0.0024
2026-01-21 21:32:48.612362 [ DEBUG ] Throttle motor speed: -4
2026-01-21 21:32:48.612493 [ DEBUG ] Throttle motor direction: 1
2026-01-21 21:32:48.612626 [ DEBUG ] Throttle motor command: b'@0st-4\r'
2026-01-21 21:32:48.612753 [ DEBUG ] Steering motor speed: -4
2026-01-21 21:32:48.612878 [ DEBUG ] Steering motor direction: 0
2026-01-21 21:32:48.613003 [ DEBUG ] Steering motor command: b'@1st-4\r'
2026-01-21 21:32:48.613131 [ DEBUG ] Encoder position: 56
2026-01-21 21:32:48.613258 [ DEBUG ] Encoder rate: 0.0
2026-01-21 21:32:48.613383 [ DEBUG ] Encoder trust state: True
2026-01-21 21:32:48.754831 [ INFO ] Tower in lower zone, moving down
2026-01-21 21:32:48.778593 [ DEBUG ] Throttle input (unsmoothed): -0.52
2026-01-21 21:32:48.778803 [ DEBUG ] Throttle input (smoothed): -0.18848000000000004
2026-01-21 21:32:48.778939 [ DEBUG ] Throttle high time: 1232
2026-01-21 21:32:48.779061 [ DEBUG ] Steering input (unsmoothed): 0
2026-01-21 21:32:48.779178 [ DEBUG ] Steering input (smoothed): 0.0
2026-01-21 21:32:48.779298 [ DEBUG ] Steering high time: 1512
2026-01-21 21:32:48.779416 [ DEBUG ] Pedals connected: False
2026-01-21 21:32:48.779530 [ DEBUG ] Steering direction: 1
2026-01-21 21:32:48.779648 [ DEBUG ] Max tower speed: 0.5
2026-01-21 21:32:48.779800 [ DEBUG ] Max sled speed: -0.0024
2026-01-21 21:32:48.779945 [ DEBUG ] Throttle motor speed: -7
2026-01-21 21:32:48.780076 [ DEBUG ] Throttle motor direction: 1
2026-01-21 21:32:48.780208 [ DEBUG ] Throttle motor command: b'@0st-7\r'
2026-01-21 21:32:48.780335 [ DEBUG ] Steering motor speed: -7
2026-01-21 21:32:48.780462 [ DEBUG ] Steering motor direction: 0
2026-01-21 21:32:48.780589 [ DEBUG ] Steering motor command: b'@1st-7\r'
2026-01-21 21:32:48.780719 [ DEBUG ] Encoder position: 57
2026-01-21 21:32:48.780956 [ DEBUG ] Encoder rate: 1.7463463195522542
2026-01-21 21:32:48.781092 [ DEBUG ] Encoder trust state: True
2026-01-21 21:32:48.922462 [ INFO ] Tower in lower zone, moving down
2026-01-21 21:32:48.946118 [ DEBUG ] Throttle input (unsmoothed): -0.536
2026-01-21 21:32:48.946325 [ DEBUG ] Throttle input (smoothed): -0.25798400000000005
2026-01-21 21:32:48.946464 [ DEBUG ] Throttle high time: 1196
2026-01-21 21:32:48.946610 [ DEBUG ] Steering input (unsmoothed): 0
2026-01-21 21:32:48.946729 [ DEBUG ] Steering input (smoothed): 0.0
2026-01-21 21:32:48.946848 [ DEBUG ] Steering high time: 1512
2026-01-21 21:32:48.946964 [ DEBUG ] Pedals connected: False
2026-01-21 21:32:48.947077 [ DEBUG ] Steering direction: 1
2026-01-21 21:32:48.947193 [ DEBUG ] Max tower speed: 0.5032
2026-01-21 21:32:48.947309 [ DEBUG ] Max sled speed: -0.0024
2026-01-21 21:32:48.947428 [ DEBUG ] Throttle motor speed: -9
2026-01-21 21:32:48.947540 [ DEBUG ] Throttle motor direction: 1
2026-01-21 21:32:48.947654 [ DEBUG ] Throttle motor command: b'@0st-9\r'
2026-01-21 21:32:48.947764 [ DEBUG ] Steering motor speed: -9
2026-01-21 21:32:48.947876 [ DEBUG ] Steering motor direction: 0
2026-01-21 21:32:48.947988 [ DEBUG ] Steering motor command: b'@1st-9\r'
2026-01-21 21:32:48.948101 [ DEBUG ] Encoder position: 59
2026-01-21 21:32:48.948217 [ DEBUG ] Encoder rate: 5.172256622375557
2026-01-21 21:32:48.948329 [ DEBUG ] Encoder trust state: True
2026-01-21 21:32:49.089773 [ INFO ] Tower in lower zone, moving down
2026-01-21 21:32:49.111636 [ DEBUG ] Throttle input (unsmoothed): -0.608
2026-01-21 21:32:49.111853 [ DEBUG ] Throttle input (smoothed): -0.32798720000000003
2026-01-21 21:32:49.112062 [ DEBUG ] Throttle high time: 1176
2026-01-21 21:32:49.112187 [ DEBUG ] Steering input (unsmoothed): 0
2026-01-21 21:32:49.112306 [ DEBUG ] Steering input (smoothed): 0.0
2026-01-21 21:32:49.112428 [ DEBUG ] Steering high time: 1512
2026-01-21 21:32:49.112546 [ DEBUG ] Pedals connected: False
2026-01-21 21:32:49.112661 [ DEBUG ] Steering direction: 1
2026-01-21 21:32:49.112781 [ DEBUG ] Max tower speed: 0.5
2026-01-21 21:32:49.112902 [ DEBUG ] Max sled speed: -0.0024
2026-01-21 21:32:49.113022 [ DEBUG ] Throttle motor speed: -12
2026-01-21 21:32:49.113135 [ DEBUG ] Throttle motor direction: 1
2026-01-21 21:32:49.113253 [ DEBUG ] Throttle motor command: b'@0st-12\r'
2026-01-21 21:32:49.113366 [ DEBUG ] Steering motor speed: -12
2026-01-21 21:32:49.113479 [ DEBUG ] Steering motor direction: 0
2026-01-21 21:32:49.113593 [ DEBUG ] Steering motor command: b'@1st-12\r'
2026-01-21 21:32:49.113708 [ DEBUG ] Encoder position: 63
2026-01-21 21:32:49.113826 [ DEBUG ] Encoder rate: 12.697808085229417
2026-01-21 21:32:49.114014 [ DEBUG ] Encoder trust state: True
2026-01-21 21:32:49.255459 [ INFO ] Tower in lower zone, moving down
2026-01-21 21:32:49.279413 [ DEBUG ] Throttle input (unsmoothed): -0.648
2026-01-21 21:32:49.279624 [ DEBUG ] Throttle input (smoothed): -0.3919897600000001
2026-01-21 21:32:49.279762 [ DEBUG ] Throttle high time: 1104
2026-01-21 21:32:49.279879 [ DEBUG ] Steering input (unsmoothed): 0
2026-01-21 21:32:49.279997 [ DEBUG ] Steering input (smoothed): 0.0
2026-01-21 21:32:49.280117 [ DEBUG ] Steering high time: 1512
2026-01-21 21:32:49.280233 [ DEBUG ] Pedals connected: False
2026-01-21 21:32:49.280349 [ DEBUG ] Steering direction: 1
2026-01-21 21:32:49.280467 [ DEBUG ] Max tower speed: 0.5032
2026-01-21 21:32:49.280586 [ DEBUG ] Max sled speed: -0.0024
2026-01-21 21:32:49.280702 [ DEBUG ] Throttle motor speed: -15
2026-01-21 21:32:49.280816 [ DEBUG ] Throttle motor direction: 1
2026-01-21 21:32:49.280930 [ DEBUG ] Throttle motor command: b'@0st-15\r'
2026-01-21 21:32:49.281044 [ DEBUG ] Steering motor speed: -15
2026-01-21 21:32:49.281156 [ DEBUG ] Steering motor direction: 0
2026-01-21 21:32:49.281269 [ DEBUG ] Steering motor command: b'@1st-15\r'
2026-01-21 21:32:49.281384 [ DEBUG ] Encoder position: 75
2026-01-21 21:32:49.281503 [ DEBUG ] Encoder rate: 35.65381465374093
2026-01-21 21:32:49.281616 [ DEBUG ] Encoder trust state: True
2026-01-21 21:32:49.422997 [ INFO ] Tower in lower zone, moving down
2026-01-21 21:32:49.445184 [ DEBUG ] Throttle input (unsmoothed): -0.792
2026-01-21 21:32:49.445388 [ DEBUG ] Throttle input (smoothed): -0.47199180800000007
2026-01-21 21:32:49.445520 [ DEBUG ] Throttle high time: 1100
2026-01-21 21:32:49.445637 [ DEBUG ] Steering input (unsmoothed): 0
2026-01-21 21:32:49.445753 [ DEBUG ] Steering input (smoothed): 0.0
2026-01-21 21:32:49.445910 [ DEBUG ] Steering high time: 1512
2026-01-21 21:32:49.446141 [ DEBUG ] Pedals connected: False
2026-01-21 21:32:49.446276 [ DEBUG ] Steering direction: 1
2026-01-21 21:32:49.446398 [ DEBUG ] Max tower speed: 0.5032
2026-01-21 21:32:49.446515 [ DEBUG ] Max sled speed: -0.0024
2026-01-21 21:32:49.446631 [ DEBUG ] Throttle motor speed: -18
2026-01-21 21:32:49.446745 [ DEBUG ] Throttle motor direction: 1
2026-01-21 21:32:49.446860 [ DEBUG ] Throttle motor command: b'@0st-18\r'
2026-01-21 21:32:49.446982 [ DEBUG ] Steering motor speed: -18
2026-01-21 21:32:49.447165 [ DEBUG ] Steering motor direction: 0
2026-01-21 21:32:49.447290 [ DEBUG ] Steering motor command: b'@1st-18\r'
2026-01-21 21:32:49.447408 [ DEBUG ] Encoder position: 97
2026-01-21 21:32:49.447530 [ DEBUG ] Encoder rate: 76.49899638047681
2026-01-21 21:32:49.447645 [ DEBUG ] Encoder trust state: True
2026-01-21 21:32:49.589793 [ INFO ] Tower in lower zone, moving down
2026-01-21 21:32:49.616781 [ DEBUG ] Throttle input (unsmoothed): -0.8
2026-01-21 21:32:49.617236 [ DEBUG ] Throttle input (smoothed): -0.5375934464000001
2026-01-21 21:32:49.617531 [ DEBUG ] Throttle high time: 1052
2026-01-21 21:32:49.617791 [ DEBUG ] Steering input (unsmoothed): 0
2026-01-21 21:32:49.618102 [ DEBUG ] Steering input (smoothed): 0.0
2026-01-21 21:32:49.618375 [ DEBUG ] Steering high time: 1512
2026-01-21 21:32:49.618637 [ DEBUG ] Pedals connected: False
2026-01-21 21:32:49.618892 [ DEBUG ] Steering direction: 1
2026-01-21 21:32:49.619154 [ DEBUG ] Max tower speed: 0.5
2026-01-21 21:32:49.619415 [ DEBUG ] Max sled speed: -0.0024
2026-01-21 21:32:49.619703 [ DEBUG ] Throttle motor speed: -20
2026-01-21 21:32:49.619999 [ DEBUG ] Throttle motor direction: 1
2026-01-21 21:32:49.620287 [ DEBUG ] Throttle motor command: b'@0st-20\r'
2026-01-21 21:32:49.620620 [ DEBUG ] Steering motor speed: -20
2026-01-21 21:32:49.620894 [ DEBUG ] Steering motor direction: 0
2026-01-21 21:32:49.621150 [ DEBUG ] Steering motor command: b'@1st-20\r'
2026-01-21 21:32:49.621408 [ DEBUG ] Encoder position: 125
2026-01-21 21:32:49.621672 [ DEBUG ] Encoder rate: 125.03400059656106
2026-01-21 21:32:49.621930 [ DEBUG ] Encoder trust state: True
2026-01-21 21:32:49.764918 [ INFO ] Tower in lower zone, moving down
2026-01-21 21:32:49.790296 [ DEBUG ] Throttle input (unsmoothed): -0.896
2026-01-21 21:32:49.790682 [ DEBUG ] Throttle input (smoothed): -0.6092747571200001
2026-01-21 21:32:49.790970 [ DEBUG ] Throttle high time: 1040
2026-01-21 21:32:49.791234 [ DEBUG ] Steering input (unsmoothed): 0
2026-01-21 21:32:49.791492 [ DEBUG ] Steering input (smoothed): 0.0
2026-01-21 21:32:49.791755 [ DEBUG ] Steering high time: 1512
2026-01-21 21:32:49.792012 [ DEBUG ] Pedals connected: False
2026-01-21 21:32:49.792280 [ DEBUG ] Steering direction: 1
2026-01-21 21:32:49.792544 [ DEBUG ] Max tower speed: 0.5032
2026-01-21 21:32:49.792810 [ DEBUG ] Max sled speed: -0.0024
2026-01-21 21:32:49.793071 [ DEBUG ] Throttle motor speed: -23
2026-01-21 21:32:49.793325 [ DEBUG ] Throttle motor direction: 1
2026-01-21 21:32:49.793579 [ DEBUG ] Throttle motor command: b'@0st-23\r'
2026-01-21 21:32:49.793831 [ DEBUG ] Steering motor speed: -23
2026-01-21 21:32:49.794158 [ DEBUG ] Steering motor direction: 0
2026-01-21 21:32:49.794462 [ DEBUG ] Steering motor command: b'@1st-23\r'
2026-01-21 21:32:49.794758 [ DEBUG ] Encoder position: 160
2026-01-21 21:32:49.795059 [ DEBUG ] Encoder rate: 167.61249640117634
2026-01-21 21:32:49.795341 [ DEBUG ] Encoder trust state: True
2026-01-21 21:32:49.938403 [ INFO ] Tower in lower zone, moving down
2026-01-21 21:32:49.963824 [ DEBUG ] Throttle input (unsmoothed): -0.92
2026-01-21 21:32:49.964235 [ DEBUG ] Throttle input (smoothed): -0.6714198056960001
2026-01-21 21:32:49.964527 [ DEBUG ] Throttle high time: 1040
2026-01-21 21:32:49.964791 [ DEBUG ] Steering input (unsmoothed): 0
2026-01-21 21:32:49.965055 [ DEBUG ] Steering input (smoothed): 0.0
2026-01-21 21:32:49.965320 [ DEBUG ] Steering high time: 1512
2026-01-21 21:32:49.965579 [ DEBUG ] Pedals connected: False
2026-01-21 21:32:49.965876 [ DEBUG ] Steering direction: 1
2026-01-21 21:32:49.966208 [ DEBUG ] Max tower speed: 0.5032
2026-01-21 21:32:49.966473 [ DEBUG ] Max sled speed: -0.0024
2026-01-21 21:32:49.966733 [ DEBUG ] Throttle motor speed: -25
2026-01-21 21:32:49.966989 [ DEBUG ] Throttle motor direction: 1
2026-01-21 21:32:49.967245 [ DEBUG ] Throttle motor command: b'@0st-25\r'
2026-01-21 21:32:49.967498 [ DEBUG ] Steering motor speed: -25
2026-01-21 21:32:49.967751 [ DEBUG ] Steering motor direction: 0
2026-01-21 21:32:49.968005 [ DEBUG ] Steering motor command: b'@1st-25\r'
2026-01-21 21:32:49.968261 [ DEBUG ] Encoder position: 208
2026-01-21 21:32:49.968523 [ DEBUG ] Encoder rate: 216.61260675823223
2026-01-21 21:32:49.968775 [ DEBUG ] Encoder trust state: True
2026-01-21 21:32:50.111431 [ INFO ] Tower in middle zone, moving down
2026-01-21 21:32:50.137341 [ DEBUG ] Throttle input (unsmoothed): -0.92
2026-01-21 21:32:50.137733 [ DEBUG ] Throttle input (smoothed): -0.7211358445568001
2026-01-21 21:32:50.138067 [ DEBUG ] Throttle high time: 1532
2026-01-21 21:32:50.138343 [ DEBUG ] Steering input (unsmoothed): 0
2026-01-21 21:32:50.138612 [ DEBUG ] Steering input (smoothed): 0.0
2026-01-21 21:32:50.138877 [ DEBUG ] Steering high time: 1512
2026-01-21 21:32:50.139134 [ DEBUG ] Pedals connected: False
2026-01-21 21:32:50.139388 [ DEBUG ] Steering direction: 1
2026-01-21 21:32:50.139651 [ DEBUG ] Max tower speed: 0.5032
2026-01-21 21:32:50.139908 [ DEBUG ] Max sled speed: -0.0024
2026-01-21 21:32:50.140162 [ DEBUG ] Throttle motor speed: -92
2026-01-21 21:32:50.140419 [ DEBUG ] Throttle motor direction: 1
2026-01-21 21:32:50.140676 [ DEBUG ] Throttle motor command: b'@0st-92\r'
2026-01-21 21:32:50.140930 [ DEBUG ] Steering motor speed: -92
2026-01-21 21:32:50.141183 [ DEBUG ] Steering motor direction: 0
2026-01-21 21:32:50.141438 [ DEBUG ] Steering motor command: b'@1st-92\r'
2026-01-21 21:32:50.141693 [ DEBUG ] Encoder position: 260
2026-01-21 21:32:50.141954 [ DEBUG ] Encoder rate: 261.3036765431282
2026-01-21 21:32:50.142255 [ DEBUG ] Encoder trust state: True
2026-01-21 21:32:50.284831 [ INFO ] Tower in middle zone, moving down
2026-01-21 21:32:50.308848 [ DEBUG ] Throttle input (unsmoothed): 0
2026-01-21 21:32:50.309342 [ DEBUG ] Throttle input (smoothed): -0.5769086756454401
2026-01-21 21:32:50.309650 [ DEBUG ] Throttle high time: 1532
2026-01-21 21:32:50.309914 [ DEBUG ] Steering input (unsmoothed): 0
2026-01-21 21:32:50.310340 [ DEBUG ] Steering input (smoothed): 0.0
2026-01-21 21:32:50.310638 [ DEBUG ] Steering high time: 1512
2026-01-21 21:32:50.310904 [ DEBUG ] Pedals connected: False
2026-01-21 21:32:50.311162 [ DEBUG ] Steering direction: 1
2026-01-21 21:32:50.311431 [ DEBUG ] Max tower speed: 0.5032
2026-01-21 21:32:50.311695 [ DEBUG ] Max sled speed: -0.0024
2026-01-21 21:32:50.311954 [ DEBUG ] Throttle motor speed: -74
2026-01-21 21:32:50.312209 [ DEBUG ] Throttle motor direction: 1
2026-01-21 21:32:50.312467 [ DEBUG ] Throttle motor command: b'@0st-74\r'
2026-01-21 21:32:50.312719 [ DEBUG ] Steering motor speed: -74
2026-01-21 21:32:50.312969 [ DEBUG ] Steering motor direction: 0
2026-01-21 21:32:50.313222 [ DEBUG ] Steering motor command: b'@1st-74\r'
2026-01-21 21:32:50.313478 [ DEBUG ] Encoder position: 680
2026-01-21 21:32:50.313740 [ DEBUG ] Encoder rate: 1070.570065603463
2026-01-21 21:32:50.314027 [ DEBUG ] Encoder trust state: True
2026-01-21 21:32:50.456606 [ INFO ] Tower in middle zone, moving down
2026-01-21 21:32:50.482370 [ DEBUG ] Throttle input (unsmoothed): 0
2026-01-21 21:32:50.482770 [ DEBUG ] Throttle input (smoothed): -0.4615269405163521
2026-01-21 21:32:50.483182 [ DEBUG ] Throttle high time: 1536
2026-01-21 21:32:50.483452 [ DEBUG ] Steering input (unsmoothed): 0
2026-01-21 21:32:50.483713 [ DEBUG ] Steering input (smoothed): 0.0
2026-01-21 21:32:50.483990 [ DEBUG ] Steering high time: 1512
2026-01-21 21:32:50.484358 [ DEBUG ] Pedals connected: False
2026-01-21 21:32:50.484622 [ DEBUG ] Steering direction: 1
2026-01-21 21:32:50.484888 [ DEBUG ] Max tower speed: 0.5032
2026-01-21 21:32:50.485231 [ DEBUG ] Max sled speed: -0.0024
2026-01-21 21:32:50.485512 [ DEBUG ] Throttle motor speed: -59
2026-01-21 21:32:50.485769 [ DEBUG ] Throttle motor direction: 1
2026-01-21 21:32:50.486084 [ DEBUG ] Throttle motor command: b'@0st-59\r'
2026-01-21 21:32:50.486362 [ DEBUG ] Steering motor speed: -59
2026-01-21 21:32:50.486620 [ DEBUG ] Steering motor direction: 0
2026-01-21 21:32:50.486883 [ DEBUG ] Steering motor command: b'@1st-59\r'
2026-01-21 21:32:50.487144 [ DEBUG ] Encoder position: 1210
2026-01-21 21:32:50.487413 [ DEBUG ] Encoder rate: 1990.900540849893
2026-01-21 21:32:50.487669 [ DEBUG ] Encoder trust state: True
2026-01-21 21:32:50.630273 [ INFO ] Tower in middle zone, moving down
2026-01-21 21:32:50.655893 [ DEBUG ] Throttle input (unsmoothed): 0
2026-01-21 21:32:50.656290 [ DEBUG ] Throttle input (smoothed): -0.36922155241308174
2026-01-21 21:32:50.656581 [ DEBUG ] Throttle high time: 1532
2026-01-21 21:32:50.656881 [ DEBUG ] Steering input (unsmoothed): 0
2026-01-21 21:32:50.657178 [ DEBUG ] Steering input (smoothed): 0.0
2026-01-21 21:32:50.657477 [ DEBUG ] Steering high time: 1512
2026-01-21 21:32:50.657763 [ DEBUG ] Pedals connected: False
2026-01-21 21:32:50.658283 [ DEBUG ] Steering direction: 1
2026-01-21 21:32:50.658577 [ DEBUG ] Max tower speed: 0.5032
2026-01-21 21:32:50.658846 [ DEBUG ] Max sled speed: -0.0024
2026-01-21 21:32:50.659216 [ DEBUG ] Throttle motor speed: -47
2026-01-21 21:32:50.659477 [ DEBUG ] Throttle motor direction: 1
2026-01-21 21:32:50.659735 [ DEBUG ] Throttle motor command: b'@0st-47\r'
2026-01-21 21:32:50.659995 [ DEBUG ] Steering motor speed: -47
2026-01-21 21:32:50.660344 [ DEBUG ] Steering motor direction: 0
2026-01-21 21:32:50.660607 [ DEBUG ] Steering motor command: b'@1st-47\r'
2026-01-21 21:32:50.660866 [ DEBUG ] Encoder position: 1612
2026-01-21 21:32:50.661136 [ DEBUG ] Encoder rate: 2646.483083747518
2026-01-21 21:32:50.661394 [ DEBUG ] Encoder trust state: True
2026-01-21 21:32:50.804024 [ INFO ] Tower in middle zone, moving down
2026-01-21 21:32:50.829422 [ DEBUG ] Throttle input (unsmoothed): 0
2026-01-21 21:32:50.829822 [ DEBUG ] Throttle input (smoothed): -0.2953772419304654
2026-01-21 21:32:50.830168 [ DEBUG ] Throttle high time: 1532
2026-01-21 21:32:50.830446 [ DEBUG ] Steering input (unsmoothed): 0
2026-01-21 21:32:50.830847 [ DEBUG ] Steering input (smoothed): 0.0
2026-01-21 21:32:50.831123 [ DEBUG ] Steering high time: 1512
2026-01-21 21:32:50.831384 [ DEBUG ] Pedals connected: False
2026-01-21 21:32:50.831665 [ DEBUG ] Steering direction: 1
2026-01-21 21:32:50.831973 [ DEBUG ] Max tower speed: 0.5032
2026-01-21 21:32:50.832264 [ DEBUG ] Max sled speed: -0.0024
2026-01-21 21:32:50.832573 [ DEBUG ] Throttle motor speed: -37
2026-01-21 21:32:50.832840 [ DEBUG ] Throttle motor direction: 1
2026-01-21 21:32:50.833096 [ DEBUG ] Throttle motor command: b'@0st-37\r'
2026-01-21 21:32:50.833348 [ DEBUG ] Steering motor speed: -37
2026-01-21 21:32:50.833601 [ DEBUG ] Steering motor direction: 0
2026-01-21 21:32:50.833864 [ DEBUG ] Steering motor command: b'@1st-37\r'
2026-01-21 21:32:50.834527 [ DEBUG ] Encoder position: 1902
2026-01-21 21:32:50.834833 [ DEBUG ] Encoder rate: 2312.9817458174334
2026-01-21 21:32:50.835209 [ DEBUG ] Encoder trust state: True
2026-01-21 21:32:50.977771 [ INFO ] Tower in upper zone, moving down
2026-01-21 21:32:51.002953 [ DEBUG ] Throttle input (unsmoothed): 0
2026-01-21 21:32:51.003382 [ DEBUG ] Throttle input (smoothed): -0.2363017935443723
2026-01-21 21:32:51.003676 [ DEBUG ] Throttle high time: 1532
2026-01-21 21:32:51.003939 [ DEBUG ] Steering input (unsmoothed): 0
2026-01-21 21:32:51.004204 [ DEBUG ] Steering input (smoothed): 0.0
2026-01-21 21:32:51.004616 [ DEBUG ] Steering high time: 1512
2026-01-21 21:32:51.004891 [ DEBUG ] Pedals connected: False
2026-01-21 21:32:51.005151 [ DEBUG ] Steering direction: 1
2026-01-21 21:32:51.005439 [ DEBUG ] Max tower speed: 0.5032
2026-01-21 21:32:51.005748 [ DEBUG ] Max sled speed: -0.0024
2026-01-21 21:32:51.006173 [ DEBUG ] Throttle motor speed: -30
2026-01-21 21:32:51.006459 [ DEBUG ] Throttle motor direction: 1
2026-01-21 21:32:51.006884 [ DEBUG ] Throttle motor command: b'@0st-30\r'
2026-01-21 21:32:51.007152 [ DEBUG ] Steering motor speed: -30
2026-01-21 21:32:51.007408 [ DEBUG ] Steering motor direction: 0
2026-01-21 21:32:51.007688 [ DEBUG ] Steering motor command: b'@1st-30\r'
2026-01-21 21:32:51.007987 [ DEBUG ] Encoder position: 2090
2026-01-21 21:32:51.008289 [ DEBUG ] Encoder rate: 1650.8228210340878
2026-01-21 21:32:51.008595 [ DEBUG ] Encoder trust state: True
2026-01-21 21:32:51.151689 [ WARNING ] Tower above the upper zone
2026-01-21 21:32:51.176467 [ DEBUG ] Throttle input (unsmoothed): 0
2026-01-21 21:32:51.176863 [ DEBUG ] Throttle input (smoothed): -0.18904143483549785
2026-01-21 21:32:51.177192 [ DEBUG ] Throttle high time: 1532
2026-01-21 21:32:51.177489 [ DEBUG ] Steering input (unsmoothed): 0
2026-01-21 21:32:51.177780 [ DEBUG ] Steering input (smoothed): 0.0
2026-01-21 21:32:51.178210 [ DEBUG ] Steering high time: 1512
2026-01-21 21:32:51.178493 [ DEBUG ] Pedals connected: False
2026-01-21 21:32:51.178757 [ DEBUG ] Steering direction: 1
2026-01-21 21:32:51.179026 [ DEBUG ] Max tower speed: 0.5032
2026-01-21 21:32:51.179325 [ DEBUG ] Max sled speed: -0.0024
2026-01-21 21:32:51.179620 [ DEBUG ] Throttle motor speed: -128
2026-01-21 21:32:51.179903 [ DEBUG ] Throttle motor direction: 1
2026-01-21 21:32:51.180208 [ DEBUG ] Throttle motor command: b'@0st-128\r'
2026-01-21 21:32:51.180473 [ DEBUG ] Steering motor speed: -128
2026-01-21 21:32:51.180727 [ DEBUG ] Steering motor direction: 0
2026-01-21 21:32:51.180980 [ DEBUG ] Steering motor command: b'@1st-128\r'
2026-01-21 21:32:51.181236 [ DEBUG ] Encoder position: 2208
2026-01-21 21:32:51.181510 [ DEBUG ] Encoder rate: 1114.0318761226927
2026-01-21 21:32:51.181767 [ DEBUG ] Encoder trust state: True
2026-01-21 21:32:51.324912 [ WARNING ] Tower above the upper zone
2026-01-21 21:32:51.350034 [ DEBUG ] Throttle input (unsmoothed): 0
2026-01-21 21:32:51.350437 [ DEBUG ] Throttle input (smoothed): -0.15123314786839828
2026-01-21 21:32:51.350726 [ DEBUG ] Throttle high time: 1532
2026-01-21 21:32:51.350989 [ DEBUG ] Steering input (unsmoothed): 0
2026-01-21 21:32:51.351250 [ DEBUG ] Steering input (smoothed): 0.0
2026-01-21 21:32:51.351515 [ DEBUG ] Steering high time: 1512
2026-01-21 21:32:51.351774 [ DEBUG ] Pedals connected: False
2026-01-21 21:32:51.352033 [ DEBUG ] Steering direction: 1
2026-01-21 21:32:51.352412 [ DEBUG ] Max tower speed: 0.5032
2026-01-21 21:32:51.352685 [ DEBUG ] Max sled speed: -0.0024
2026-01-21 21:32:51.352948 [ DEBUG ] Throttle motor speed: -128
2026-01-21 21:32:51.353205 [ DEBUG ] Throttle motor direction: 1
2026-01-21 21:32:51.353461 [ DEBUG ] Throttle motor command: b'@0st-128\r'
2026-01-21 21:32:51.353716 [ DEBUG ] Steering motor speed: -128
2026-01-21 21:32:51.353969 [ DEBUG ] Steering motor direction: 0
2026-01-21 21:32:51.354383 [ DEBUG ] Steering motor command: b'@1st-128\r'
2026-01-21 21:32:51.354678 [ DEBUG ] Encoder position: 2823
2026-01-21 21:32:51.354955 [ DEBUG ] Encoder rate: 1852.1415250221464
2026-01-21 21:32:51.355216 [ DEBUG ] Encoder trust state: True
2026-01-21 21:32:51.498095 [ WARNING ] Tower above the upper zone
2026-01-21 21:32:51.523518 [ DEBUG ] Throttle input (unsmoothed): 0
2026-01-21 21:32:51.523919 [ DEBUG ] Throttle input (smoothed): -0.12098651829471863
2026-01-21 21:32:51.524207 [ DEBUG ] Throttle high time: 1536
2026-01-21 21:32:51.524472 [ DEBUG ] Steering input (unsmoothed): 0
2026-01-21 21:32:51.524733 [ DEBUG ] Steering input (smoothed): 0.0
2026-01-21 21:32:51.525001 [ DEBUG ] Steering high time: 1512
2026-01-21 21:32:51.525262 [ DEBUG ] Pedals connected: False
2026-01-21 21:32:51.525516 [ DEBUG ] Steering direction: 1
2026-01-21 21:32:51.525777 [ DEBUG ] Max tower speed: 0.5032
2026-01-21 21:32:51.526089 [ DEBUG ] Max sled speed: -0.0024
2026-01-21 21:32:51.526353 [ DEBUG ] Throttle motor speed: -128
2026-01-21 21:32:51.526607 [ DEBUG ] Throttle motor direction: 1
2026-01-21 21:32:51.526957 [ DEBUG ] Throttle motor command: b'@0st-128\r'
2026-01-21 21:32:51.527241 [ DEBUG ] Steering motor speed: -128
2026-01-21 21:32:51.527546 [ DEBUG ] Steering motor direction: 0
2026-01-21 21:32:51.527809 [ DEBUG ] Steering motor command: b'@1st-128\r'
2026-01-21 21:32:51.528069 [ DEBUG ] Encoder position: 3762
2026-01-21 21:32:51.528336 [ DEBUG ] Encoder rate: 3309.037328506898
2026-01-21 21:32:51.528589 [ DEBUG ] Encoder trust state: True
2026-01-21 21:32:51.671078 [ WARNING ] Tower above the upper zone
2026-01-21 21:32:51.697042 [ DEBUG ] Throttle input (unsmoothed): 0
2026-01-21 21:32:51.697447 [ DEBUG ] Throttle input (smoothed): -0.0967892146357749
2026-01-21 21:32:51.697737 [ DEBUG ] Throttle high time: 2024
2026-01-21 21:32:51.698035 [ DEBUG ] Steering input (unsmoothed): 0
2026-01-21 21:32:51.698316 [ DEBUG ] Steering input (smoothed): 0.0
2026-01-21 21:32:51.698584 [ DEBUG ] Steering high time: 1512
2026-01-21 21:32:51.698846 [ DEBUG ] Pedals connected: False
2026-01-21 21:32:51.699106 [ DEBUG ] Steering direction: 1
2026-01-21 21:32:51.699372 [ DEBUG ] Max tower speed: 0.5032
2026-01-21 21:32:51.699632 [ DEBUG ] Max sled speed: -0.0024
2026-01-21 21:32:51.699890 [ DEBUG ] Throttle motor speed: -128
2026-01-21 21:32:51.700144 [ DEBUG ] Throttle motor direction: 1
2026-01-21 21:32:51.700400 [ DEBUG ] Throttle motor command: b'@0st-128\r'
2026-01-21 21:32:51.700654 [ DEBUG ] Steering motor speed: -128
2026-01-21 21:32:51.700911 [ DEBUG ] Steering motor direction: 0
2026-01-21 21:32:51.701167 [ DEBUG ] Steering motor command: b'@1st-128\r'
2026-01-21 21:32:51.701423 [ DEBUG ] Encoder position: 4702
2026-01-21 21:32:51.701684 [ DEBUG ] Encoder rate: 4901.407456432693
2026-01-21 21:32:51.701942 [ DEBUG ] Encoder trust state: True
2026-01-21 21:32:51.844587 [ WARNING ] Tower above the upper zone
2026-01-21 21:32:51.870580 [ DEBUG ] Throttle input (unsmoothed): 1.0
2026-01-21 21:32:51.870991 [ DEBUG ] Throttle input (smoothed): 0.12256862829138009
2026-01-21 21:32:51.871285 [ DEBUG ] Throttle high time: 2024
2026-01-21 21:32:51.871547 [ DEBUG ] Steering input (unsmoothed): 0
2026-01-21 21:32:51.871806 [ DEBUG ] Steering input (smoothed): 0.0
2026-01-21 21:32:51.872076 [ DEBUG ] Steering high time: 1512
2026-01-21 21:32:51.872335 [ DEBUG ] Pedals connected: False
2026-01-21 21:32:51.872587 [ DEBUG ] Steering direction: 1
2026-01-21 21:32:51.872846 [ DEBUG ] Max tower speed: 0.5
2026-01-21 21:32:51.873107 [ DEBUG ] Max sled speed: -0.0024
2026-01-21 21:32:51.873364 [ DEBUG ] Throttle motor speed: -127
2026-01-21 21:32:51.873614 [ DEBUG ] Throttle motor direction: 1
2026-01-21 21:32:51.873868 [ DEBUG ] Throttle motor command: b'@0st-127\r'
2026-01-21 21:32:51.874190 [ DEBUG ] Steering motor speed: -127
2026-01-21 21:32:51.874446 [ DEBUG ] Steering motor direction: 0
2026-01-21 21:32:51.874701 [ DEBUG ] Steering motor command: b'@1st-127\r'
2026-01-21 21:32:51.874957 [ DEBUG ] Encoder position: 5646
2026-01-21 21:32:51.875220 [ DEBUG ] Encoder rate: 5433.914266180561
2026-01-21 21:32:51.875473 [ DEBUG ] Encoder trust state: True
2026-01-21 21:32:52.017919 [ WARNING ] Tower above the upper zone
2026-01-21 21:32:52.042101 [ DEBUG ] Throttle input (unsmoothed): 1.0
2026-01-21 21:32:52.042508 [ DEBUG ] Throttle input (smoothed): 0.2980549026331041
2026-01-21 21:32:52.042809 [ DEBUG ] Throttle high time: 2024
2026-01-21 21:32:52.043077 [ DEBUG ] Steering input (unsmoothed): 0
2026-01-21 21:32:52.043340 [ DEBUG ] Steering input (smoothed): 0.0
2026-01-21 21:32:52.043612 [ DEBUG ] Steering high time: 1512
2026-01-21 21:32:52.043916 [ DEBUG ] Pedals connected: False
2026-01-21 21:32:52.044213 [ DEBUG ] Steering direction: 1
2026-01-21 21:32:52.044510 [ DEBUG ] Max tower speed: 0.5032
2026-01-21 21:32:52.044808 [ DEBUG ] Max sled speed: -0.0024
2026-01-21 21:32:52.045177 [ DEBUG ] Throttle motor speed: -128
2026-01-21 21:32:52.045440 [ DEBUG ] Throttle motor direction: 1
2026-01-21 21:32:52.045698 [ DEBUG ] Throttle motor command: b'@0st-128\r'
2026-01-21 21:32:52.045956 [ DEBUG ] Steering motor speed: -128
2026-01-21 21:32:52.046273 [ DEBUG ] Steering motor direction: 0
2026-01-21 21:32:52.046533 [ DEBUG ] Steering motor command: b'@1st-128\r'
2026-01-21 21:32:52.046831 [ DEBUG ] Encoder position: 6588
2026-01-21 21:32:52.047107 [ DEBUG ] Encoder rate: 5435.982365066033
2026-01-21 21:32:52.047365 [ DEBUG ] Encoder trust state: True
2026-01-21 21:32:52.189795 [ WARNING ] Tower above the upper zone
2026-01-21 21:32:52.215675 [ DEBUG ] Throttle input (unsmoothed): 1.0
2026-01-21 21:32:52.216102 [ DEBUG ] Throttle input (smoothed): 0.4384439221064833
2026-01-21 21:32:52.216392 [ DEBUG ] Throttle high time: 2024
2026-01-21 21:32:52.216661 [ DEBUG ] Steering input (unsmoothed): 0
2026-01-21 21:32:52.217051 [ DEBUG ] Steering input (smoothed): 0.0
2026-01-21 21:32:52.217326 [ DEBUG ] Steering high time: 1512
2026-01-21 21:32:52.217585 [ DEBUG ] Pedals connected: False
2026-01-21 21:32:52.217861 [ DEBUG ] Steering direction: 1
2026-01-21 21:32:52.218285 [ DEBUG ] Max tower speed: 0.5
2026-01-21 21:32:52.218573 [ DEBUG ] Max sled speed: -0.0024
2026-01-21 21:32:52.218842 [ DEBUG ] Throttle motor speed: -127
2026-01-21 21:32:52.219101 [ DEBUG ] Throttle motor direction: 1
2026-01-21 21:32:52.219359 [ DEBUG ] Throttle motor command: b'@0st-127\r'
2026-01-21 21:32:52.219613 [ DEBUG ] Steering motor speed: -127
2026-01-21 21:32:52.219866 [ DEBUG ] Steering motor direction: 0
2026-01-21 21:32:52.220118 [ DEBUG ] Steering motor command: b'@1st-127\r'
2026-01-21 21:32:52.220374 [ DEBUG ] Encoder position: 7523
2026-01-21 21:32:52.220638 [ DEBUG ] Encoder rate: 5437.876587179388
2026-01-21 21:32:52.220890 [ DEBUG ] Encoder trust state: True
2026-01-21 21:32:52.363456 [ WARNING ] Tower above the upper zone
2026-01-21 21:32:52.389149 [ DEBUG ] Throttle input (unsmoothed): 1.0
2026-01-21 21:32:52.389555 [ DEBUG ] Throttle input (smoothed): 0.5507551376851867
2026-01-21 21:32:52.389847 [ DEBUG ] Throttle high time: 2024
2026-01-21 21:32:52.390286 [ DEBUG ] Steering input (unsmoothed): 0
2026-01-21 21:32:52.390579 [ DEBUG ] Steering input (smoothed): 0.0
2026-01-21 21:32:52.390853 [ DEBUG ] Steering high time: 1512
2026-01-21 21:32:52.391126 [ DEBUG ] Pedals connected: False
2026-01-21 21:32:52.391504 [ DEBUG ] Steering direction: 1
2026-01-21 21:32:52.391778 [ DEBUG ] Max tower speed: 0.5032
2026-01-21 21:32:52.392041 [ DEBUG ] Max sled speed: -0.0024
2026-01-21 21:32:52.392325 [ DEBUG ] Throttle motor speed: -128
2026-01-21 21:32:52.392619 [ DEBUG ] Throttle motor direction: 1
2026-01-21 21:32:52.392904 [ DEBUG ] Throttle motor command: b'@0st-128\r'
2026-01-21 21:32:52.393187 [ DEBUG ] Steering motor speed: -128
2026-01-21 21:32:52.393463 [ DEBUG ] Steering motor direction: 0
2026-01-21 21:32:52.393749 [ DEBUG ] Steering motor command: b'@1st-128\r'
2026-01-21 21:32:52.394172 [ DEBUG ] Encoder position: 8462
2026-01-21 21:32:52.394495 [ DEBUG ] Encoder rate: 5426.482713143553
2026-01-21 21:32:52.394787 [ DEBUG ] Encoder trust state: True
2026-01-21 21:32:52.537226 [ WARNING ] Tower above the upper zone
2026-01-21 21:32:52.562676 [ DEBUG ] Throttle input (unsmoothed): 1.0
2026-01-21 21:32:52.563081 [ DEBUG ] Throttle input (smoothed): 0.6406041101481494
2026-01-21 21:32:52.563371 [ DEBUG ] Throttle high time: 1560
2026-01-21 21:32:52.563642 [ DEBUG ] Steering input (unsmoothed): 0
2026-01-21 21:32:52.564027 [ DEBUG ] Steering input (smoothed): 0.0
2026-01-21 21:32:52.564303 [ DEBUG ] Steering high time: 1512
2026-01-21 21:32:52.564565 [ DEBUG ] Pedals connected: False
2026-01-21 21:32:52.564827 [ DEBUG ] Steering direction: 1
2026-01-21 21:32:52.565095 [ DEBUG ] Max tower speed: 0.5032
2026-01-21 21:32:52.565357 [ DEBUG ] Max sled speed: -0.0024
2026-01-21 21:32:52.565613 [ DEBUG ] Throttle motor speed: -128
2026-01-21 21:32:52.565896 [ DEBUG ] Throttle motor direction: 1
2026-01-21 21:32:52.566393 [ DEBUG ] Throttle motor command: b'@0st-128\r'
2026-01-21 21:32:52.566675 [ DEBUG ] Steering motor speed: -128
2026-01-21 21:32:52.566943 [ DEBUG ] Steering motor direction: 0
2026-01-21 21:32:52.567306 [ DEBUG ] Steering motor command: b'@1st-128\r'
2026-01-21 21:32:52.567572 [ DEBUG ] Encoder position: 8646
2026-01-21 21:32:52.567840 [ DEBUG ] Encoder rate: 3913.310806167383
2026-01-21 21:32:52.568178 [ DEBUG ] Encoder trust state: True
2026-01-21 21:32:52.710495 [ WARNING ] Tower above the upper zone
2026-01-21 21:32:52.736191 [ DEBUG ] Throttle input (unsmoothed): 0
2026-01-21 21:32:52.736685 [ DEBUG ] Throttle input (smoothed): 0.5124832881185196
2026-01-21 21:32:52.736984 [ DEBUG ] Throttle high time: 1536
2026-01-21 21:32:52.737248 [ DEBUG ] Steering input (unsmoothed): 0
2026-01-21 21:32:52.737512 [ DEBUG ] Steering input (smoothed): 0.0
2026-01-21 21:32:52.737780 [ DEBUG ] Steering high time: 1512
2026-01-21 21:32:52.738096 [ DEBUG ] Pedals connected: False
2026-01-21 21:32:52.738359 [ DEBUG ] Steering direction: 1
2026-01-21 21:32:52.738751 [ DEBUG ] Max tower speed: 0.5032
2026-01-21 21:32:52.739022 [ DEBUG ] Max sled speed: -0.0024
2026-01-21 21:32:52.739279 [ DEBUG ] Throttle motor speed: -128
2026-01-21 21:32:52.739544 [ DEBUG ] Throttle motor direction: 1
2026-01-21 21:32:52.739913 [ DEBUG ] Throttle motor command: b'@0st-128\r'
2026-01-21 21:32:52.740179 [ DEBUG ] Steering motor speed: -128
2026-01-21 21:32:52.740435 [ DEBUG ] Steering motor direction: 0
2026-01-21 21:32:52.740712 [ DEBUG ] Steering motor command: b'@1st-128\r'
2026-01-21 21:32:52.741011 [ DEBUG ] Encoder position: 8646
2026-01-21 21:32:52.741314 [ DEBUG ] Encoder rate: 2099.5032326781693
2026-01-21 21:32:52.741603 [ DEBUG ] Encoder trust state: True
2026-01-21 21:32:52.884094 [ WARNING ] Tower above the upper zone
2026-01-21 21:32:52.909715 [ DEBUG ] Throttle input (unsmoothed): 0
2026-01-21 21:32:52.910263 [ DEBUG ] Throttle input (smoothed): 0.4099866304948157
2026-01-21 21:32:52.910640 [ DEBUG ] Throttle high time: 1540
2026-01-21 21:32:52.910906 [ DEBUG ] Steering input (unsmoothed): 0
2026-01-21 21:32:52.911167 [ DEBUG ] Steering input (smoothed): 0.0
2026-01-21 21:32:52.911468 [ DEBUG ] Steering high time: 1512
2026-01-21 21:32:52.911777 [ DEBUG ] Pedals connected: False
2026-01-21 21:32:52.912066 [ DEBUG ] Steering direction: 1
2026-01-21 21:32:52.912360 [ DEBUG ] Max tower speed: 0.5032
2026-01-21 21:32:52.912653 [ DEBUG ] Max sled speed: -0.0024
2026-01-21 21:32:52.912946 [ DEBUG ] Throttle motor speed: -128
2026-01-21 21:32:52.913228 [ DEBUG ] Throttle motor direction: 1
2026-01-21 21:32:52.913507 [ DEBUG ] Throttle motor command: b'@0st-128\r'
2026-01-21 21:32:52.913794 [ DEBUG ] Steering motor speed: -128
2026-01-21 21:32:52.914236 [ DEBUG ] Steering motor direction: 0
2026-01-21 21:32:52.914551 [ DEBUG ] Steering motor command: b'@1st-128\r'
2026-01-21 21:32:52.914946 [ DEBUG ] Encoder position: 8646
2026-01-21 21:32:52.915251 [ DEBUG ] Encoder rate: 297.2347482437513
2026-01-21 21:32:52.915537 [ DEBUG ] Encoder trust state: True
2026-01-21 21:32:53.058088 [ WARNING ] Tower above the upper zone
2026-01-21 21:32:53.083237 [ DEBUG ] Throttle input (unsmoothed): 0
2026-01-21 21:32:53.083642 [ DEBUG ] Throttle input (smoothed): 0.3279893043958526
2026-01-21 21:32:53.083929 [ DEBUG ] Throttle high time: 1536
2026-01-21 21:32:53.084194 [ DEBUG ] Steering input (unsmoothed): 0
2026-01-21 21:32:53.084454 [ DEBUG ] Steering input (smoothed): 0.0
2026-01-21 21:32:53.084718 [ DEBUG ] Steering high time: 1512
2026-01-21 21:32:53.084977 [ DEBUG ] Pedals connected: False
2026-01-21 21:32:53.085248 [ DEBUG ] Steering direction: 1
2026-01-21 21:32:53.085634 [ DEBUG ] Max tower speed: 0.5032
2026-01-21 21:32:53.085908 [ DEBUG ] Max sled speed: -0.0024
2026-01-21 21:32:53.086235 [ DEBUG ] Throttle motor speed: -128
2026-01-21 21:32:53.086533 [ DEBUG ] Throttle motor direction: 1
2026-01-21 21:32:53.086829 [ DEBUG ] Throttle motor command: b'@0st-128\r'
2026-01-21 21:32:53.087111 [ DEBUG ] Steering motor speed: -128
2026-01-21 21:32:53.087394 [ DEBUG ] Steering motor direction: 0
2026-01-21 21:32:53.087795 [ DEBUG ] Steering motor command: b'@1st-128\r'
2026-01-21 21:32:53.088092 [ DEBUG ] Encoder position: 8646
2026-01-21 21:32:53.088387 [ DEBUG ] Encoder rate: 0.0
2026-01-21 21:32:53.088672 [ DEBUG ] Encoder trust state: True
2026-01-21 21:32:53.231162 [ WARNING ] Tower above the upper zone
2026-01-21 21:32:53.256763 [ DEBUG ] Throttle input (unsmoothed): 0
2026-01-21 21:32:53.257170 [ DEBUG ] Throttle input (smoothed): 0.2623914435166821
2026-01-21 21:32:53.257458 [ DEBUG ] Throttle high time: 1536
2026-01-21 21:32:53.257720 [ DEBUG ] Steering input (unsmoothed): 0
2026-01-21 21:32:53.258024 [ DEBUG ] Steering input (smoothed): 0.0
2026-01-21 21:32:53.258313 [ DEBUG ] Steering high time: 1512
2026-01-21 21:32:53.258577 [ DEBUG ] Pedals connected: False
2026-01-21 21:32:53.258833 [ DEBUG ] Steering direction: 1
2026-01-21 21:32:53.259105 [ DEBUG ] Max tower speed: 0.5032
2026-01-21 21:32:53.259370 [ DEBUG ] Max sled speed: -0.0024
2026-01-21 21:32:53.259627 [ DEBUG ] Throttle motor speed: -128
2026-01-21 21:32:53.259892 [ DEBUG ] Throttle motor direction: 1
2026-01-21 21:32:53.260268 [ DEBUG ] Throttle motor command: b'@0st-128\r'
2026-01-21 21:32:53.260530 [ DEBUG ] Steering motor speed: -128
2026-01-21 21:32:53.260780 [ DEBUG ] Steering motor direction: 0
2026-01-21 21:32:53.261052 [ DEBUG ] Steering motor command: b'@1st-128\r'
2026-01-21 21:32:53.261343 [ DEBUG ] Encoder position: 8646
2026-01-21 21:32:53.261626 [ DEBUG ] Encoder rate: 0.0
2026-01-21 21:32:53.261907 [ DEBUG ] Encoder trust state: True
2026-01-21 21:32:53.404409 [ WARNING ] Tower above the upper zone
2026-01-21 21:32:53.430290 [ DEBUG ] Throttle input (unsmoothed): 0
2026-01-21 21:32:53.430686 [ DEBUG ] Throttle input (smoothed): 0.2099131548133457
2026-01-21 21:32:53.430973 [ DEBUG ] Throttle high time: 1536
2026-01-21 21:32:53.431234 [ DEBUG ] Steering input (unsmoothed): 0
2026-01-21 21:32:53.431496 [ DEBUG ] Steering input (smoothed): 0.0
2026-01-21 21:32:53.431760 [ DEBUG ] Steering high time: 1508
2026-01-21 21:32:53.432019 [ DEBUG ] Pedals connected: False
2026-01-21 21:32:53.432272 [ DEBUG ] Steering direction: 1
2026-01-21 21:32:53.432533 [ DEBUG ] Max tower speed: 0.5032
2026-01-21 21:32:53.432798 [ DEBUG ] Max sled speed: -0.0024
2026-01-21 21:32:53.433054 [ DEBUG ] Throttle motor speed: -128
2026-01-21 21:32:53.433306 [ DEBUG ] Throttle motor direction: 1
2026-01-21 21:32:53.433565 [ DEBUG ] Throttle motor command: b'@0st-128\r'
2026-01-21 21:32:53.433818 [ DEBUG ] Steering motor speed: -128
2026-01-21 21:32:53.434136 [ DEBUG ] Steering motor direction: 0
2026-01-21 21:32:53.434397 [ DEBUG ] Steering motor command: b'@1st-128\r'
2026-01-21 21:32:53.434680 [ DEBUG ] Encoder position: 8646
2026-01-21 21:32:53.434984 [ DEBUG ] Encoder rate: 0.0
2026-01-21 21:32:53.435272 [ DEBUG ] Encoder trust state: True
2026-01-21 21:32:53.577782 [ WARNING ] Tower above the upper zone
2026-01-21 21:32:53.603810 [ DEBUG ] Throttle input (unsmoothed): 0
2026-01-21 21:32:53.604203 [ DEBUG ] Throttle input (smoothed): 0.16793052385067656
2026-01-21 21:32:53.604491 [ DEBUG ] Throttle high time: 1536
2026-01-21 21:32:53.604754 [ DEBUG ] Steering input (unsmoothed): 0
2026-01-21 21:32:53.605013 [ DEBUG ] Steering input (smoothed): 0.0
2026-01-21 21:32:53.605282 [ DEBUG ] Steering high time: 1512
2026-01-21 21:32:53.605542 [ DEBUG ] Pedals connected: False
2026-01-21 21:32:53.605796 [ DEBUG ] Steering direction: 1
2026-01-21 21:32:53.606165 [ DEBUG ] Max tower speed: 0.5
2026-01-21 21:32:53.606445 [ DEBUG ] Max sled speed: -0.0024
2026-01-21 21:32:53.606705 [ DEBUG ] Throttle motor speed: -127
2026-01-21 21:32:53.606958 [ DEBUG ] Throttle motor direction: 1
2026-01-21 21:32:53.607217 [ DEBUG ] Throttle motor command: b'@0st-127\r'
2026-01-21 21:32:53.607470 [ DEBUG ] Steering motor speed: -127
2026-01-21 21:32:53.607723 [ DEBUG ] Steering motor direction: 0
2026-01-21 21:32:53.607976 [ DEBUG ] Steering motor command: b'@1st-127\r'
2026-01-21 21:32:53.608232 [ DEBUG ] Encoder position: 8646
2026-01-21 21:32:53.608489 [ DEBUG ] Encoder rate: 0.0
2026-01-21 21:32:53.608741 [ DEBUG ] Encoder trust state: True
2026-01-21 21:32:53.751146 [ WARNING ] Tower above the upper zone
2026-01-21 21:32:53.775343 [ DEBUG ] Throttle input (unsmoothed): 0
2026-01-21 21:32:53.775869 [ DEBUG ] Throttle input (smoothed): 0.13434441908054126
2026-01-21 21:32:53.776257 [ DEBUG ] Throttle high time: 1532
2026-01-21 21:32:53.776524 [ DEBUG ] Steering input (unsmoothed): 0
2026-01-21 21:32:53.776792 [ DEBUG ] Steering input (smoothed): 0.0
2026-01-21 21:32:53.777057 [ DEBUG ] Steering high time: 1512
2026-01-21 21:32:53.777315 [ DEBUG ] Pedals connected: False
2026-01-21 21:32:53.777566 [ DEBUG ] Steering direction: 1
2026-01-21 21:32:53.777830 [ DEBUG ] Max tower speed: 0.5032
2026-01-21 21:32:53.778142 [ DEBUG ] Max sled speed: -0.0024
2026-01-21 21:32:53.778404 [ DEBUG ] Throttle motor speed: -128
2026-01-21 21:32:53.778662 [ DEBUG ] Throttle motor direction: 1
2026-01-21 21:32:53.778922 [ DEBUG ] Throttle motor command: b'@0st-128\r'
2026-01-21 21:32:53.779176 [ DEBUG ] Steering motor speed: -128
2026-01-21 21:32:53.779429 [ DEBUG ] Steering motor direction: 0
2026-01-21 21:32:53.779683 [ DEBUG ] Steering motor command: b'@1st-128\r'
2026-01-21 21:32:53.779944 [ DEBUG ] Encoder position: 8646
2026-01-21 21:32:53.780202 [ DEBUG ] Encoder rate: 0.0
2026-01-21 21:32:53.780457 [ DEBUG ] Encoder trust state: True
2026-01-21 21:32:53.922790 [ WARNING ] Tower above the upper zone
2026-01-21 21:32:53.946859 [ DEBUG ] Throttle input (unsmoothed): 0
2026-01-21 21:32:53.947402 [ DEBUG ] Throttle input (smoothed): 0.10747553526443301
2026-01-21 21:32:53.947713 [ DEBUG ] Throttle high time: 1532
2026-01-21 21:32:53.947975 [ DEBUG ] Steering input (unsmoothed): 0
2026-01-21 21:32:53.948263 [ DEBUG ] Steering input (smoothed): 0.0
2026-01-21 21:32:53.948576 [ DEBUG ] Steering high time: 1512
2026-01-21 21:32:53.948868 [ DEBUG ] Pedals connected: False
2026-01-21 21:32:53.949155 [ DEBUG ] Steering direction: 1
2026-01-21 21:32:53.949453 [ DEBUG ] Max tower speed: 0.5032
2026-01-21 21:32:53.949720 [ DEBUG ] Max sled speed: -0.0024
2026-01-21 21:32:53.950045 [ DEBUG ] Throttle motor speed: -128
2026-01-21 21:32:53.950658 [ DEBUG ] Throttle motor direction: 1
2026-01-21 21:32:53.950937 [ DEBUG ] Throttle motor command: b'@0st-128\r'
2026-01-21 21:32:53.951193 [ DEBUG ] Steering motor speed: -128
2026-01-21 21:32:53.951452 [ DEBUG ] Steering motor direction: 0
2026-01-21 21:32:53.951708 [ DEBUG ] Steering motor command: b'@1st-128\r'
2026-01-21 21:32:53.951964 [ DEBUG ] Encoder position: 8646
2026-01-21 21:32:53.952223 [ DEBUG ] Encoder rate: 0.0
2026-01-21 21:32:53.952476 [ DEBUG ] Encoder trust state: True
2026-01-21 21:32:54.056732 [ INFO ] Signal 2 received
2026-01-21 21:32:54.094818 [ WARNING ] Tower above the upper zone
2026-01-21 21:32:54.120385 [ DEBUG ] Throttle input (unsmoothed): 0
2026-01-21 21:32:54.120778 [ DEBUG ] Throttle input (smoothed): 0.08598042821154642
2026-01-21 21:32:54.121094 [ DEBUG ] Throttle high time: 1532
2026-01-21 21:32:54.121395 [ DEBUG ] Steering input (unsmoothed): 0
2026-01-21 21:32:54.121687 [ DEBUG ] Steering input (smoothed): 0.0
2026-01-21 21:32:54.122049 [ DEBUG ] Steering high time: 1512
2026-01-21 21:32:54.122494 [ DEBUG ] Pedals connected: False
2026-01-21 21:32:54.122817 [ DEBUG ] Steering direction: 1
2026-01-21 21:32:54.123127 [ DEBUG ] Max tower speed: 0.5032
2026-01-21 21:32:54.123436 [ DEBUG ] Max sled speed: -0.0024
2026-01-21 21:32:54.123732 [ DEBUG ] Throttle motor speed: -128
2026-01-21 21:32:54.124018 [ DEBUG ] Throttle motor direction: 1
2026-01-21 21:32:54.124313 [ DEBUG ] Throttle motor command: b'@0st-128\r'
2026-01-21 21:32:54.124598 [ DEBUG ] Steering motor speed: -128
2026-01-21 21:32:54.124882 [ DEBUG ] Steering motor direction: 0
2026-01-21 21:32:54.125168 [ DEBUG ] Steering motor command: b'@1st-128\r'
2026-01-21 21:32:54.125458 [ DEBUG ] Encoder position: 8646
2026-01-21 21:32:54.125748 [ DEBUG ] Encoder rate: 0.0
2026-01-21 21:32:54.126157 [ DEBUG ] Encoder trust state: True
2026-01-21 21:32:54.126986 [ WARNING ] Interrupt signal received. Closing program...
2026-01-21 21:32:54.128512 [ INFO ] All tower callbacks cancelled
2026-01-21 21:32:54.156196 [ INFO ] AF160 driver disconnected
2026-01-21 21:32:54.161261 [ INFO ] USB encoder disconnected at 1769056374.161
2026-01-21 21:32:54.162533 [ INFO ] Clean shutdown complete.
